[ 2023-06-01 23:37:46,770 ] 24 root - INFO - Data Ingestion Method Starts
[ 2023-06-01 23:37:46,871 ] 29 root - INFO - Dateset read as pandas Dataframe
[ 2023-06-01 23:37:46,912 ] 35 root - INFO - Train Test Split
[ 2023-06-01 23:37:46,958 ] 40 root - INFO - Ingetion of data is completed
[ 2023-06-01 23:37:47,008 ] 73 root - INFO - Read train and test data completed
[ 2023-06-01 23:37:47,023 ] 74 root - INFO - Train Dataframe Head : 
   Gender        Age    Height      Weight family_history_with_overweight FAVC      FCVC  NCP       CAEC SMOKE      CH2O  SCC       FAF       TUE       CALC                 MTRANS           NObeyesdad
0  Female  25.982113  1.627818  105.428628                            yes  yes  3.000000  3.0  Sometimes    no  1.480750   no  0.098043  0.663492  Sometimes  Public_Transportation     Obesity_Type_III
1  Female  26.000000  1.656320  111.933010                            yes  yes  3.000000  3.0  Sometimes    no  2.774014   no  0.000000  0.138418  Sometimes  Public_Transportation     Obesity_Type_III
2    Male  18.000000  1.750097   86.372141                            yes  yes  2.907062  3.0  Sometimes    no  2.740848   no  1.219827  0.037634  Sometimes  Public_Transportation  Overweight_Level_II
3  Female  22.000000  1.700000   66.000000                            yes   no  3.000000  3.0     Always    no  2.000000  yes  2.000000  1.000000  Sometimes  Public_Transportation        Normal_Weight
4    Male  23.451595  1.670227   75.000000                            yes  yes  2.000000  3.0  Sometimes    no  2.000000   no  0.129163  1.983678  Sometimes  Public_Transportation   Overweight_Level_I
[ 2023-06-01 23:37:47,035 ] 75 root - INFO - Test Dataframe Head  : 
   Gender        Age    Height      Weight family_history_with_overweight FAVC  FCVC       NCP        CAEC SMOKE      CH2O  SCC       FAF       TUE       CALC                 MTRANS           NObeyesdad
0  Female  20.406871  1.755978   53.699561                            yes  yes   2.0  3.891994  Frequently    no  1.863930   no  2.870127  2.000000         no  Public_Transportation  Insufficient_Weight
1  Female  26.000000  1.624950  111.004920                            yes  yes   3.0  3.000000   Sometimes    no  2.704315   no  0.000000  0.322666  Sometimes  Public_Transportation     Obesity_Type_III
2    Male  18.000000  1.850000   60.000000                            yes  yes   3.0  4.000000   Sometimes    no  2.000000  yes  2.000000  0.000000  Sometimes             Automobile  Insufficient_Weight
3  Female  21.000000  1.520000   42.000000                             no  yes   3.0  1.000000  Frequently    no  1.000000   no  0.000000  0.000000  Sometimes  Public_Transportation  Insufficient_Weight
4    Male  22.000000  1.750000   74.000000                            yes   no   2.0  3.000000   Sometimes    no  2.000000   no  1.000000  2.000000  Sometimes                   Bike        Normal_Weight
[ 2023-06-01 23:37:47,036 ] 77 root - INFO - Obtaining preprocessing object
[ 2023-06-01 23:37:47,036 ] 26 root - INFO - Data Transformation initiated
[ 2023-06-01 23:37:47,036 ] 32 root - INFO - Pipeline Initiated
[ 2023-06-01 23:37:47,135 ] 94 root - INFO - Applying preprocessing object on training and testing datasets.
[ 2023-06-01 23:37:47,144 ] 106 root - INFO - Preprocessor pickle file saved
[ 2023-06-01 23:37:47,144 ] 34 root - INFO - Splitting Dependent and Independent variables from train and test data
[ 2023-06-01 23:37:48,293 ] 53 root - INFO - Model Report : {'logistic': 0.862776025236593, 'SVC': 0.8138801261829653, 'Random': 0.917981072555205, 'Tree': 0.9132492113564669}
[ 2023-06-01 23:37:48,302 ] 66 root - INFO - Best Model Found , Model Name : Random , Accuracy : 0.917981072555205
